<?xml version="1.0" encoding="UTF-8"?>
<!-- Generated by org.testng.reporters.JUnitReportReporter -->
<testsuite hostname="DESKTOP-FSPHPC9" failures="0" tests="1" name="rahulshettyacademy.MavenJava.AppTest" time="0.005" errors="0" timestamp="19 Jan 2021 18:48:05 GMT" skipped="0">
  <testcase classname="rahulshettyacademy.MavenJava.AppTest" name="shouldAnswerWithTrue" time="0.005"/>
</testsuite> <!-- rahulshettyacademy.MavenJava.AppTest -->
