<?xml version="1.0" encoding="UTF-8"?>
<!-- Generated by org.testng.reporters.JUnitReportReporter -->
<testsuite hostname="DESKTOP-FSPHPC9" failures="0" tests="2" name="rahulshettyacademy.MavenJava.SeleniumTest" time="0.008" errors="0" timestamp="19 Jan 2021 18:48:05 GMT" skipped="0">
  <testcase classname="rahulshettyacademy.MavenJava.SeleniumTest" name="browserAutomation" time="0.004"/>
  <testcase classname="rahulshettyacademy.MavenJava.SeleniumTest" name="pageAutomation" time="0.004"/>
</testsuite> <!-- rahulshettyacademy.MavenJava.SeleniumTest -->
