<?xml version="1.0" encoding="UTF-8"?>
<!-- Generated by org.testng.reporters.JUnitReportReporter -->
<testsuite hostname="DESKTOP-FSPHPC9" failures="0" tests="2" name="rahulshettyacademy.MavenJava.AppiumTest" time="0.047" errors="0" timestamp="19 Jan 2021 18:48:05 GMT" skipped="0">
  <testcase classname="rahulshettyacademy.MavenJava.AppiumTest" name="iosApp" time="0.023"/>
  <testcase classname="rahulshettyacademy.MavenJava.AppiumTest" name="nativeAppAndroid" time="0.024"/>
</testsuite> <!-- rahulshettyacademy.MavenJava.AppiumTest -->
